<?xml version="1.0" encoding="UTF-8"?>
<!-- Generated by org.testng.reporters.JUnitXMLReporter -->
<testsuite ignored="0" hostname="senadhian" failures="0" tests="3" name="Test" time="9.066" errors="0" timestamp="24 Nov 2020 04:48:03 GMT">
  <testcase classname="demo.TestngDemo" name="@BeforeMethod setUp" time="7.862">
    <failure type="org.openqa.selenium.SessionNotCreatedException" message="session not created: This version of ChromeDriver only supports Chrome version 84
Build info: version: &amp;apos;3.141.59&amp;apos;, revision: &amp;apos;e82be7d358&amp;apos;, time: &amp;apos;2018-11-14T08:25:48&amp;apos;
System info: host: &amp;apos;SENADHIAN&amp;apos;, ip: &amp;apos;192.168.137.1&amp;apos;, os.name: &amp;apos;Windows 10&amp;apos;, os.arch: &amp;apos;amd64&amp;apos;, os.version: &amp;apos;10.0&amp;apos;, java.version: &amp;apos;11.0.1&amp;apos;
Driver info: driver.version: ChromeDriver
remote stacktrace: Backtrace:
	Ordinal0 [0x006987E3+2852835]
	Ordinal0 [0x00585BB1+1727409]
	Ordinal0 [0x0045E4B9+517305]
	Ordinal0 [0x003F0BA0+68512]
	Ordinal0 [0x003ED3A0+54176]
	Ordinal0 [0x0040D9F7+186871]
	Ordinal0 [0x0040D7FD+186365]
	Ordinal0 [0x0040B70B+177931]
	Ordinal0 [0x003F2584+75140]
	Ordinal0 [0x003F3650+79440]
	Ordinal0 [0x003F35E9+79337]
	Ordinal0 [0x0059AD5C+1813852]
	GetHandleVerifier [0x007BC616+1075574]
	GetHandleVerifier [0x007BC367+1074887]
	GetHandleVerifier [0x007C7497+1120247]
	GetHandleVerifier [0x007BCC16+1077110]
	Ordinal0 [0x00593206+1782278]
	Ordinal0 [0x0059C3BB+1819579]
	Ordinal0 [0x0059C523+1819939]
	Ordinal0 [0x005B2B45+1911621]
	BaseThreadInitThunk [0x75146359+25]
	RtlGetAppContainerNamedObjectPath [0x77038944+228]
	RtlGetAppContainerNamedObjectPath [0x77038914+180]
">
      <![CDATA[org.openqa.selenium.SessionNotCreatedException: session not created: This version of ChromeDriver only supports Chrome version 84
Build info: version: '3.141.59', revision: 'e82be7d358', time: '2018-11-14T08:25:48'
System info: host: 'SENADHIAN', ip: '192.168.137.1', os.name: 'Windows 10', os.arch: 'amd64', os.version: '10.0', java.version: '11.0.1'
Driver info: driver.version: ChromeDriver
remote stacktrace: Backtrace:
	Ordinal0 [0x006987E3+2852835]
	Ordinal0 [0x00585BB1+1727409]
	Ordinal0 [0x0045E4B9+517305]
	Ordinal0 [0x003F0BA0+68512]
	Ordinal0 [0x003ED3A0+54176]
	Ordinal0 [0x0040D9F7+186871]
	Ordinal0 [0x0040D7FD+186365]
	Ordinal0 [0x0040B70B+177931]
	Ordinal0 [0x003F2584+75140]
	Ordinal0 [0x003F3650+79440]
	Ordinal0 [0x003F35E9+79337]
	Ordinal0 [0x0059AD5C+1813852]
	GetHandleVerifier [0x007BC616+1075574]
	GetHandleVerifier [0x007BC367+1074887]
	GetHandleVerifier [0x007C7497+1120247]
	GetHandleVerifier [0x007BCC16+1077110]
	Ordinal0 [0x00593206+1782278]
	Ordinal0 [0x0059C3BB+1819579]
	Ordinal0 [0x0059C523+1819939]
	Ordinal0 [0x005B2B45+1911621]
	BaseThreadInitThunk [0x75146359+25]
	RtlGetAppContainerNamedObjectPath [0x77038944+228]
	RtlGetAppContainerNamedObjectPath [0x77038914+180]

	at org.openqa.selenium.remote.W3CHandshakeResponse.lambda$errorHandler$0(W3CHandshakeResponse.java:62)
	at org.openqa.selenium.remote.HandshakeResponse.lambda$getResponseFunction$0(HandshakeResponse.java:30)
	at org.openqa.selenium.remote.ProtocolHandshake.lambda$createSession$0(ProtocolHandshake.java:126)
	at java.base/java.util.stream.ReferencePipeline$3$1.accept(ReferencePipeline.java:195)
	at java.base/java.util.Spliterators$ArraySpliterator.tryAdvance(Spliterators.java:958)
	at java.base/java.util.stream.ReferencePipeline.forEachWithCancel(ReferencePipeline.java:127)
	at java.base/java.util.stream.AbstractPipeline.copyIntoWithCancel(AbstractPipeline.java:502)
	at java.base/java.util.stream.AbstractPipeline.copyInto(AbstractPipeline.java:488)
	at java.base/java.util.stream.AbstractPipeline.wrapAndCopyInto(AbstractPipeline.java:474)
	at java.base/java.util.stream.FindOps$FindOp.evaluateSequential(FindOps.java:150)
	at java.base/java.util.stream.AbstractPipeline.evaluate(AbstractPipeline.java:234)
	at java.base/java.util.stream.ReferencePipeline.findFirst(ReferencePipeline.java:543)
	at org.openqa.selenium.remote.ProtocolHandshake.createSession(ProtocolHandshake.java:128)
	at org.openqa.selenium.remote.ProtocolHandshake.createSession(ProtocolHandshake.java:74)
	at org.openqa.selenium.remote.HttpCommandExecutor.execute(HttpCommandExecutor.java:136)
	at org.openqa.selenium.remote.service.DriverCommandExecutor.execute(DriverCommandExecutor.java:83)
	at org.openqa.selenium.remote.RemoteWebDriver.execute(RemoteWebDriver.java:552)
	at org.openqa.selenium.remote.RemoteWebDriver.startSession(RemoteWebDriver.java:213)
	at org.openqa.selenium.remote.RemoteWebDriver.<init>(RemoteWebDriver.java:131)
	at org.openqa.selenium.chrome.ChromeDriver.<init>(ChromeDriver.java:181)
	at org.openqa.selenium.chrome.ChromeDriver.<init>(ChromeDriver.java:168)
	at org.openqa.selenium.chrome.ChromeDriver.<init>(ChromeDriver.java:123)
	at demo.TestngDemo.setUp(TestngDemo.java:15)
	at java.base/java.util.concurrent.ThreadPoolExecutor.runWorker(ThreadPoolExecutor.java:1128)
	at java.base/java.util.concurrent.ThreadPoolExecutor$Worker.run(ThreadPoolExecutor.java:628)
	at java.base/java.lang.Thread.run(Thread.java:834)
... Removed 16 stack frames]]>
    </failure>
  </testcase> <!-- @BeforeMethod setUp -->
  <testcase classname="demo.TestngDemo" name="@BeforeMethod setUp" time="8.41">
    <failure type="org.openqa.selenium.SessionNotCreatedException" message="session not created: This version of ChromeDriver only supports Chrome version 84
Build info: version: &amp;apos;3.141.59&amp;apos;, revision: &amp;apos;e82be7d358&amp;apos;, time: &amp;apos;2018-11-14T08:25:48&amp;apos;
System info: host: &amp;apos;SENADHIAN&amp;apos;, ip: &amp;apos;192.168.137.1&amp;apos;, os.name: &amp;apos;Windows 10&amp;apos;, os.arch: &amp;apos;amd64&amp;apos;, os.version: &amp;apos;10.0&amp;apos;, java.version: &amp;apos;11.0.1&amp;apos;
Driver info: driver.version: ChromeDriver
remote stacktrace: Backtrace:
	Ordinal0 [0x006987E3+2852835]
	Ordinal0 [0x00585BB1+1727409]
	Ordinal0 [0x0045E4B9+517305]
	Ordinal0 [0x003F0BA0+68512]
	Ordinal0 [0x003ED3A0+54176]
	Ordinal0 [0x0040D9F7+186871]
	Ordinal0 [0x0040D7FD+186365]
	Ordinal0 [0x0040B70B+177931]
	Ordinal0 [0x003F2584+75140]
	Ordinal0 [0x003F3650+79440]
	Ordinal0 [0x003F35E9+79337]
	Ordinal0 [0x0059AD5C+1813852]
	GetHandleVerifier [0x007BC616+1075574]
	GetHandleVerifier [0x007BC367+1074887]
	GetHandleVerifier [0x007C7497+1120247]
	GetHandleVerifier [0x007BCC16+1077110]
	Ordinal0 [0x00593206+1782278]
	Ordinal0 [0x0059C3BB+1819579]
	Ordinal0 [0x0059C523+1819939]
	Ordinal0 [0x005B2B45+1911621]
	BaseThreadInitThunk [0x75146359+25]
	RtlGetAppContainerNamedObjectPath [0x77038944+228]
	RtlGetAppContainerNamedObjectPath [0x77038914+180]
">
      <![CDATA[org.openqa.selenium.SessionNotCreatedException: session not created: This version of ChromeDriver only supports Chrome version 84
Build info: version: '3.141.59', revision: 'e82be7d358', time: '2018-11-14T08:25:48'
System info: host: 'SENADHIAN', ip: '192.168.137.1', os.name: 'Windows 10', os.arch: 'amd64', os.version: '10.0', java.version: '11.0.1'
Driver info: driver.version: ChromeDriver
remote stacktrace: Backtrace:
	Ordinal0 [0x006987E3+2852835]
	Ordinal0 [0x00585BB1+1727409]
	Ordinal0 [0x0045E4B9+517305]
	Ordinal0 [0x003F0BA0+68512]
	Ordinal0 [0x003ED3A0+54176]
	Ordinal0 [0x0040D9F7+186871]
	Ordinal0 [0x0040D7FD+186365]
	Ordinal0 [0x0040B70B+177931]
	Ordinal0 [0x003F2584+75140]
	Ordinal0 [0x003F3650+79440]
	Ordinal0 [0x003F35E9+79337]
	Ordinal0 [0x0059AD5C+1813852]
	GetHandleVerifier [0x007BC616+1075574]
	GetHandleVerifier [0x007BC367+1074887]
	GetHandleVerifier [0x007C7497+1120247]
	GetHandleVerifier [0x007BCC16+1077110]
	Ordinal0 [0x00593206+1782278]
	Ordinal0 [0x0059C3BB+1819579]
	Ordinal0 [0x0059C523+1819939]
	Ordinal0 [0x005B2B45+1911621]
	BaseThreadInitThunk [0x75146359+25]
	RtlGetAppContainerNamedObjectPath [0x77038944+228]
	RtlGetAppContainerNamedObjectPath [0x77038914+180]

	at org.openqa.selenium.remote.W3CHandshakeResponse.lambda$errorHandler$0(W3CHandshakeResponse.java:62)
	at org.openqa.selenium.remote.HandshakeResponse.lambda$getResponseFunction$0(HandshakeResponse.java:30)
	at org.openqa.selenium.remote.ProtocolHandshake.lambda$createSession$0(ProtocolHandshake.java:126)
	at java.base/java.util.stream.ReferencePipeline$3$1.accept(ReferencePipeline.java:195)
	at java.base/java.util.Spliterators$ArraySpliterator.tryAdvance(Spliterators.java:958)
	at java.base/java.util.stream.ReferencePipeline.forEachWithCancel(ReferencePipeline.java:127)
	at java.base/java.util.stream.AbstractPipeline.copyIntoWithCancel(AbstractPipeline.java:502)
	at java.base/java.util.stream.AbstractPipeline.copyInto(AbstractPipeline.java:488)
	at java.base/java.util.stream.AbstractPipeline.wrapAndCopyInto(AbstractPipeline.java:474)
	at java.base/java.util.stream.FindOps$FindOp.evaluateSequential(FindOps.java:150)
	at java.base/java.util.stream.AbstractPipeline.evaluate(AbstractPipeline.java:234)
	at java.base/java.util.stream.ReferencePipeline.findFirst(ReferencePipeline.java:543)
	at org.openqa.selenium.remote.ProtocolHandshake.createSession(ProtocolHandshake.java:128)
	at org.openqa.selenium.remote.ProtocolHandshake.createSession(ProtocolHandshake.java:74)
	at org.openqa.selenium.remote.HttpCommandExecutor.execute(HttpCommandExecutor.java:136)
	at org.openqa.selenium.remote.service.DriverCommandExecutor.execute(DriverCommandExecutor.java:83)
	at org.openqa.selenium.remote.RemoteWebDriver.execute(RemoteWebDriver.java:552)
	at org.openqa.selenium.remote.RemoteWebDriver.startSession(RemoteWebDriver.java:213)
	at org.openqa.selenium.remote.RemoteWebDriver.<init>(RemoteWebDriver.java:131)
	at org.openqa.selenium.chrome.ChromeDriver.<init>(ChromeDriver.java:181)
	at org.openqa.selenium.chrome.ChromeDriver.<init>(ChromeDriver.java:168)
	at org.openqa.selenium.chrome.ChromeDriver.<init>(ChromeDriver.java:123)
	at demo.TestngDemo.setUp(TestngDemo.java:15)
	at java.base/java.util.concurrent.ThreadPoolExecutor.runWorker(ThreadPoolExecutor.java:1128)
	at java.base/java.util.concurrent.ThreadPoolExecutor$Worker.run(ThreadPoolExecutor.java:628)
	at java.base/java.lang.Thread.run(Thread.java:834)
... Removed 16 stack frames]]>
    </failure>
  </testcase> <!-- @BeforeMethod setUp -->
  <testcase classname="demo.TestngDemo" name="@BeforeMethod setUp" time="8.977">
    <failure type="org.openqa.selenium.SessionNotCreatedException" message="session not created: This version of ChromeDriver only supports Chrome version 84
Build info: version: &amp;apos;3.141.59&amp;apos;, revision: &amp;apos;e82be7d358&amp;apos;, time: &amp;apos;2018-11-14T08:25:48&amp;apos;
System info: host: &amp;apos;SENADHIAN&amp;apos;, ip: &amp;apos;192.168.137.1&amp;apos;, os.name: &amp;apos;Windows 10&amp;apos;, os.arch: &amp;apos;amd64&amp;apos;, os.version: &amp;apos;10.0&amp;apos;, java.version: &amp;apos;11.0.1&amp;apos;
Driver info: driver.version: ChromeDriver
remote stacktrace: Backtrace:
	Ordinal0 [0x006987E3+2852835]
	Ordinal0 [0x00585BB1+1727409]
	Ordinal0 [0x0045E4B9+517305]
	Ordinal0 [0x003F0BA0+68512]
	Ordinal0 [0x003ED3A0+54176]
	Ordinal0 [0x0040D9F7+186871]
	Ordinal0 [0x0040D7FD+186365]
	Ordinal0 [0x0040B70B+177931]
	Ordinal0 [0x003F2584+75140]
	Ordinal0 [0x003F3650+79440]
	Ordinal0 [0x003F35E9+79337]
	Ordinal0 [0x0059AD5C+1813852]
	GetHandleVerifier [0x007BC616+1075574]
	GetHandleVerifier [0x007BC367+1074887]
	GetHandleVerifier [0x007C7497+1120247]
	GetHandleVerifier [0x007BCC16+1077110]
	Ordinal0 [0x00593206+1782278]
	Ordinal0 [0x0059C3BB+1819579]
	Ordinal0 [0x0059C523+1819939]
	Ordinal0 [0x005B2B45+1911621]
	BaseThreadInitThunk [0x75146359+25]
	RtlGetAppContainerNamedObjectPath [0x77038944+228]
	RtlGetAppContainerNamedObjectPath [0x77038914+180]
">
      <![CDATA[org.openqa.selenium.SessionNotCreatedException: session not created: This version of ChromeDriver only supports Chrome version 84
Build info: version: '3.141.59', revision: 'e82be7d358', time: '2018-11-14T08:25:48'
System info: host: 'SENADHIAN', ip: '192.168.137.1', os.name: 'Windows 10', os.arch: 'amd64', os.version: '10.0', java.version: '11.0.1'
Driver info: driver.version: ChromeDriver
remote stacktrace: Backtrace:
	Ordinal0 [0x006987E3+2852835]
	Ordinal0 [0x00585BB1+1727409]
	Ordinal0 [0x0045E4B9+517305]
	Ordinal0 [0x003F0BA0+68512]
	Ordinal0 [0x003ED3A0+54176]
	Ordinal0 [0x0040D9F7+186871]
	Ordinal0 [0x0040D7FD+186365]
	Ordinal0 [0x0040B70B+177931]
	Ordinal0 [0x003F2584+75140]
	Ordinal0 [0x003F3650+79440]
	Ordinal0 [0x003F35E9+79337]
	Ordinal0 [0x0059AD5C+1813852]
	GetHandleVerifier [0x007BC616+1075574]
	GetHandleVerifier [0x007BC367+1074887]
	GetHandleVerifier [0x007C7497+1120247]
	GetHandleVerifier [0x007BCC16+1077110]
	Ordinal0 [0x00593206+1782278]
	Ordinal0 [0x0059C3BB+1819579]
	Ordinal0 [0x0059C523+1819939]
	Ordinal0 [0x005B2B45+1911621]
	BaseThreadInitThunk [0x75146359+25]
	RtlGetAppContainerNamedObjectPath [0x77038944+228]
	RtlGetAppContainerNamedObjectPath [0x77038914+180]

	at org.openqa.selenium.remote.W3CHandshakeResponse.lambda$errorHandler$0(W3CHandshakeResponse.java:62)
	at org.openqa.selenium.remote.HandshakeResponse.lambda$getResponseFunction$0(HandshakeResponse.java:30)
	at org.openqa.selenium.remote.ProtocolHandshake.lambda$createSession$0(ProtocolHandshake.java:126)
	at java.base/java.util.stream.ReferencePipeline$3$1.accept(ReferencePipeline.java:195)
	at java.base/java.util.Spliterators$ArraySpliterator.tryAdvance(Spliterators.java:958)
	at java.base/java.util.stream.ReferencePipeline.forEachWithCancel(ReferencePipeline.java:127)
	at java.base/java.util.stream.AbstractPipeline.copyIntoWithCancel(AbstractPipeline.java:502)
	at java.base/java.util.stream.AbstractPipeline.copyInto(AbstractPipeline.java:488)
	at java.base/java.util.stream.AbstractPipeline.wrapAndCopyInto(AbstractPipeline.java:474)
	at java.base/java.util.stream.FindOps$FindOp.evaluateSequential(FindOps.java:150)
	at java.base/java.util.stream.AbstractPipeline.evaluate(AbstractPipeline.java:234)
	at java.base/java.util.stream.ReferencePipeline.findFirst(ReferencePipeline.java:543)
	at org.openqa.selenium.remote.ProtocolHandshake.createSession(ProtocolHandshake.java:128)
	at org.openqa.selenium.remote.ProtocolHandshake.createSession(ProtocolHandshake.java:74)
	at org.openqa.selenium.remote.HttpCommandExecutor.execute(HttpCommandExecutor.java:136)
	at org.openqa.selenium.remote.service.DriverCommandExecutor.execute(DriverCommandExecutor.java:83)
	at org.openqa.selenium.remote.RemoteWebDriver.execute(RemoteWebDriver.java:552)
	at org.openqa.selenium.remote.RemoteWebDriver.startSession(RemoteWebDriver.java:213)
	at org.openqa.selenium.remote.RemoteWebDriver.<init>(RemoteWebDriver.java:131)
	at org.openqa.selenium.chrome.ChromeDriver.<init>(ChromeDriver.java:181)
	at org.openqa.selenium.chrome.ChromeDriver.<init>(ChromeDriver.java:168)
	at org.openqa.selenium.chrome.ChromeDriver.<init>(ChromeDriver.java:123)
	at demo.TestngDemo.setUp(TestngDemo.java:15)
	at java.base/java.util.concurrent.ThreadPoolExecutor.runWorker(ThreadPoolExecutor.java:1128)
	at java.base/java.util.concurrent.ThreadPoolExecutor$Worker.run(ThreadPoolExecutor.java:628)
	at java.base/java.lang.Thread.run(Thread.java:834)
... Removed 16 stack frames]]>
    </failure>
  </testcase> <!-- @BeforeMethod setUp -->
  <testcase classname="demo.First" name="Test3" time="0.0">
    <skipped/>
  </testcase> <!-- Test3 -->
  <testcase classname="demo.First" name="Test2" time="0.0">
    <skipped/>
  </testcase> <!-- Test2 -->
  <testcase classname="demo.First" name="Test1" time="0.0">
    <skipped/>
  </testcase> <!-- Test1 -->
</testsuite> <!-- Test -->
