<?xml version="1.0" encoding="UTF-8"?>
<testng-results ignored="0" total="3" passed="0" failed="0" skipped="3">
  <reporter-output>
  </reporter-output>
  <suite started-at="2020-11-24T04:47:53Z" name="Suite" finished-at="2020-11-24T04:48:02Z" duration-ms="9066">
    <groups>
    </groups>
    <test started-at="2020-11-24T04:47:53Z" name="Test" finished-at="2020-11-24T04:48:02Z" duration-ms="9066">
      <class name="demo.First">
        <test-method is-config="true" signature="setUp()[pri:0, instance:demo.First@3bd82cf5]" started-at="2020-11-24T10:17:53Z" name="setUp" finished-at="2020-11-24T10:18:02Z" duration-ms="8410" status="FAIL">
          <exception class="org.openqa.selenium.SessionNotCreatedException">
            <message>
              <![CDATA[session not created: This version of ChromeDriver only supports Chrome version 84
Build info: version: '3.141.59', revision: 'e82be7d358', time: '2018-11-14T08:25:48'
System info: host: 'SENADHIAN', ip: '192.168.137.1', os.name: 'Windows 10', os.arch: 'amd64', os.version: '10.0', java.version: '11.0.1'
Driver info: driver.version: ChromeDriver
remote stacktrace: Backtrace:
	Ordinal0 [0x006987E3+2852835]
	Ordinal0 [0x00585BB1+1727409]
	Ordinal0 [0x0045E4B9+517305]
	Ordinal0 [0x003F0BA0+68512]
	Ordinal0 [0x003ED3A0+54176]
	Ordinal0 [0x0040D9F7+186871]
	Ordinal0 [0x0040D7FD+186365]
	Ordinal0 [0x0040B70B+177931]
	Ordinal0 [0x003F2584+75140]
	Ordinal0 [0x003F3650+79440]
	Ordinal0 [0x003F35E9+79337]
	Ordinal0 [0x0059AD5C+1813852]
	GetHandleVerifier [0x007BC616+1075574]
	GetHandleVerifier [0x007BC367+1074887]
	GetHandleVerifier [0x007C7497+1120247]
	GetHandleVerifier [0x007BCC16+1077110]
	Ordinal0 [0x00593206+1782278]
	Ordinal0 [0x0059C3BB+1819579]
	Ordinal0 [0x0059C523+1819939]
	Ordinal0 [0x005B2B45+1911621]
	BaseThreadInitThunk [0x75146359+25]
	RtlGetAppContainerNamedObjectPath [0x77038944+228]
	RtlGetAppContainerNamedObjectPath [0x77038914+180]
]]>
            </message>
            <full-stacktrace>
              <![CDATA[org.openqa.selenium.SessionNotCreatedException: session not created: This version of ChromeDriver only supports Chrome version 84
Build info: version: '3.141.59', revision: 'e82be7d358', time: '2018-11-14T08:25:48'
System info: host: 'SENADHIAN', ip: '192.168.137.1', os.name: 'Windows 10', os.arch: 'amd64', os.version: '10.0', java.version: '11.0.1'
Driver info: driver.version: ChromeDriver
remote stacktrace: Backtrace:
	Ordinal0 [0x006987E3+2852835]
	Ordinal0 [0x00585BB1+1727409]
	Ordinal0 [0x0045E4B9+517305]
	Ordinal0 [0x003F0BA0+68512]
	Ordinal0 [0x003ED3A0+54176]
	Ordinal0 [0x0040D9F7+186871]
	Ordinal0 [0x0040D7FD+186365]
	Ordinal0 [0x0040B70B+177931]
	Ordinal0 [0x003F2584+75140]
	Ordinal0 [0x003F3650+79440]
	Ordinal0 [0x003F35E9+79337]
	Ordinal0 [0x0059AD5C+1813852]
	GetHandleVerifier [0x007BC616+1075574]
	GetHandleVerifier [0x007BC367+1074887]
	GetHandleVerifier [0x007C7497+1120247]
	GetHandleVerifier [0x007BCC16+1077110]
	Ordinal0 [0x00593206+1782278]
	Ordinal0 [0x0059C3BB+1819579]
	Ordinal0 [0x0059C523+1819939]
	Ordinal0 [0x005B2B45+1911621]
	BaseThreadInitThunk [0x75146359+25]
	RtlGetAppContainerNamedObjectPath [0x77038944+228]
	RtlGetAppContainerNamedObjectPath [0x77038914+180]

	at java.base/jdk.internal.reflect.NativeConstructorAccessorImpl.newInstance0(Native Method)
	at java.base/jdk.internal.reflect.NativeConstructorAccessorImpl.newInstance(NativeConstructorAccessorImpl.java:62)
	at java.base/jdk.internal.reflect.DelegatingConstructorAccessorImpl.newInstance(DelegatingConstructorAccessorImpl.java:45)
	at java.base/java.lang.reflect.Constructor.newInstance(Constructor.java:490)
	at org.openqa.selenium.remote.W3CHandshakeResponse.lambda$errorHandler$0(W3CHandshakeResponse.java:62)
	at org.openqa.selenium.remote.HandshakeResponse.lambda$getResponseFunction$0(HandshakeResponse.java:30)
	at org.openqa.selenium.remote.ProtocolHandshake.lambda$createSession$0(ProtocolHandshake.java:126)
	at java.base/java.util.stream.ReferencePipeline$3$1.accept(ReferencePipeline.java:195)
	at java.base/java.util.Spliterators$ArraySpliterator.tryAdvance(Spliterators.java:958)
	at java.base/java.util.stream.ReferencePipeline.forEachWithCancel(ReferencePipeline.java:127)
	at java.base/java.util.stream.AbstractPipeline.copyIntoWithCancel(AbstractPipeline.java:502)
	at java.base/java.util.stream.AbstractPipeline.copyInto(AbstractPipeline.java:488)
	at java.base/java.util.stream.AbstractPipeline.wrapAndCopyInto(AbstractPipeline.java:474)
	at java.base/java.util.stream.FindOps$FindOp.evaluateSequential(FindOps.java:150)
	at java.base/java.util.stream.AbstractPipeline.evaluate(AbstractPipeline.java:234)
	at java.base/java.util.stream.ReferencePipeline.findFirst(ReferencePipeline.java:543)
	at org.openqa.selenium.remote.ProtocolHandshake.createSession(ProtocolHandshake.java:128)
	at org.openqa.selenium.remote.ProtocolHandshake.createSession(ProtocolHandshake.java:74)
	at org.openqa.selenium.remote.HttpCommandExecutor.execute(HttpCommandExecutor.java:136)
	at org.openqa.selenium.remote.service.DriverCommandExecutor.execute(DriverCommandExecutor.java:83)
	at org.openqa.selenium.remote.RemoteWebDriver.execute(RemoteWebDriver.java:552)
	at org.openqa.selenium.remote.RemoteWebDriver.startSession(RemoteWebDriver.java:213)
	at org.openqa.selenium.remote.RemoteWebDriver.<init>(RemoteWebDriver.java:131)
	at org.openqa.selenium.chrome.ChromeDriver.<init>(ChromeDriver.java:181)
	at org.openqa.selenium.chrome.ChromeDriver.<init>(ChromeDriver.java:168)
	at org.openqa.selenium.chrome.ChromeDriver.<init>(ChromeDriver.java:123)
	at demo.TestngDemo.setUp(TestngDemo.java:15)
	at java.base/jdk.internal.reflect.NativeMethodAccessorImpl.invoke0(Native Method)
	at java.base/jdk.internal.reflect.NativeMethodAccessorImpl.invoke(NativeMethodAccessorImpl.java:62)
	at java.base/jdk.internal.reflect.DelegatingMethodAccessorImpl.invoke(DelegatingMethodAccessorImpl.java:43)
	at java.base/java.lang.reflect.Method.invoke(Method.java:566)
	at org.testng.internal.MethodInvocationHelper.invokeMethod(MethodInvocationHelper.java:108)
	at org.testng.internal.Invoker.invokeConfigurationMethod(Invoker.java:523)
	at org.testng.internal.Invoker.invokeConfigurations(Invoker.java:224)
	at org.testng.internal.Invoker.invokeMethod(Invoker.java:599)
	at org.testng.internal.Invoker.invokeTestMethod(Invoker.java:869)
	at org.testng.internal.Invoker.invokeTestMethods(Invoker.java:1193)
	at org.testng.internal.TestMethodWorker.invokeTestMethods(TestMethodWorker.java:126)
	at org.testng.internal.TestMethodWorker.run(TestMethodWorker.java:109)
	at java.base/java.util.concurrent.ThreadPoolExecutor.runWorker(ThreadPoolExecutor.java:1128)
	at java.base/java.util.concurrent.ThreadPoolExecutor$Worker.run(ThreadPoolExecutor.java:628)
	at java.base/java.lang.Thread.run(Thread.java:834)
]]>
            </full-stacktrace>
          </exception> <!-- org.openqa.selenium.SessionNotCreatedException -->
          <reporter-output>
          </reporter-output>
        </test-method> <!-- setUp -->
        <test-method is-config="true" signature="setUp()[pri:0, instance:demo.First@3bd82cf5]" started-at="2020-11-24T10:17:53Z" name="setUp" finished-at="2020-11-24T10:18:01Z" duration-ms="7862" status="FAIL">
          <exception class="org.openqa.selenium.SessionNotCreatedException">
            <message>
              <![CDATA[session not created: This version of ChromeDriver only supports Chrome version 84
Build info: version: '3.141.59', revision: 'e82be7d358', time: '2018-11-14T08:25:48'
System info: host: 'SENADHIAN', ip: '192.168.137.1', os.name: 'Windows 10', os.arch: 'amd64', os.version: '10.0', java.version: '11.0.1'
Driver info: driver.version: ChromeDriver
remote stacktrace: Backtrace:
	Ordinal0 [0x006987E3+2852835]
	Ordinal0 [0x00585BB1+1727409]
	Ordinal0 [0x0045E4B9+517305]
	Ordinal0 [0x003F0BA0+68512]
	Ordinal0 [0x003ED3A0+54176]
	Ordinal0 [0x0040D9F7+186871]
	Ordinal0 [0x0040D7FD+186365]
	Ordinal0 [0x0040B70B+177931]
	Ordinal0 [0x003F2584+75140]
	Ordinal0 [0x003F3650+79440]
	Ordinal0 [0x003F35E9+79337]
	Ordinal0 [0x0059AD5C+1813852]
	GetHandleVerifier [0x007BC616+1075574]
	GetHandleVerifier [0x007BC367+1074887]
	GetHandleVerifier [0x007C7497+1120247]
	GetHandleVerifier [0x007BCC16+1077110]
	Ordinal0 [0x00593206+1782278]
	Ordinal0 [0x0059C3BB+1819579]
	Ordinal0 [0x0059C523+1819939]
	Ordinal0 [0x005B2B45+1911621]
	BaseThreadInitThunk [0x75146359+25]
	RtlGetAppContainerNamedObjectPath [0x77038944+228]
	RtlGetAppContainerNamedObjectPath [0x77038914+180]
]]>
            </message>
            <full-stacktrace>
              <![CDATA[org.openqa.selenium.SessionNotCreatedException: session not created: This version of ChromeDriver only supports Chrome version 84
Build info: version: '3.141.59', revision: 'e82be7d358', time: '2018-11-14T08:25:48'
System info: host: 'SENADHIAN', ip: '192.168.137.1', os.name: 'Windows 10', os.arch: 'amd64', os.version: '10.0', java.version: '11.0.1'
Driver info: driver.version: ChromeDriver
remote stacktrace: Backtrace:
	Ordinal0 [0x006987E3+2852835]
	Ordinal0 [0x00585BB1+1727409]
	Ordinal0 [0x0045E4B9+517305]
	Ordinal0 [0x003F0BA0+68512]
	Ordinal0 [0x003ED3A0+54176]
	Ordinal0 [0x0040D9F7+186871]
	Ordinal0 [0x0040D7FD+186365]
	Ordinal0 [0x0040B70B+177931]
	Ordinal0 [0x003F2584+75140]
	Ordinal0 [0x003F3650+79440]
	Ordinal0 [0x003F35E9+79337]
	Ordinal0 [0x0059AD5C+1813852]
	GetHandleVerifier [0x007BC616+1075574]
	GetHandleVerifier [0x007BC367+1074887]
	GetHandleVerifier [0x007C7497+1120247]
	GetHandleVerifier [0x007BCC16+1077110]
	Ordinal0 [0x00593206+1782278]
	Ordinal0 [0x0059C3BB+1819579]
	Ordinal0 [0x0059C523+1819939]
	Ordinal0 [0x005B2B45+1911621]
	BaseThreadInitThunk [0x75146359+25]
	RtlGetAppContainerNamedObjectPath [0x77038944+228]
	RtlGetAppContainerNamedObjectPath [0x77038914+180]

	at java.base/jdk.internal.reflect.NativeConstructorAccessorImpl.newInstance0(Native Method)
	at java.base/jdk.internal.reflect.NativeConstructorAccessorImpl.newInstance(NativeConstructorAccessorImpl.java:62)
	at java.base/jdk.internal.reflect.DelegatingConstructorAccessorImpl.newInstance(DelegatingConstructorAccessorImpl.java:45)
	at java.base/java.lang.reflect.Constructor.newInstance(Constructor.java:490)
	at org.openqa.selenium.remote.W3CHandshakeResponse.lambda$errorHandler$0(W3CHandshakeResponse.java:62)
	at org.openqa.selenium.remote.HandshakeResponse.lambda$getResponseFunction$0(HandshakeResponse.java:30)
	at org.openqa.selenium.remote.ProtocolHandshake.lambda$createSession$0(ProtocolHandshake.java:126)
	at java.base/java.util.stream.ReferencePipeline$3$1.accept(ReferencePipeline.java:195)
	at java.base/java.util.Spliterators$ArraySpliterator.tryAdvance(Spliterators.java:958)
	at java.base/java.util.stream.ReferencePipeline.forEachWithCancel(ReferencePipeline.java:127)
	at java.base/java.util.stream.AbstractPipeline.copyIntoWithCancel(AbstractPipeline.java:502)
	at java.base/java.util.stream.AbstractPipeline.copyInto(AbstractPipeline.java:488)
	at java.base/java.util.stream.AbstractPipeline.wrapAndCopyInto(AbstractPipeline.java:474)
	at java.base/java.util.stream.FindOps$FindOp.evaluateSequential(FindOps.java:150)
	at java.base/java.util.stream.AbstractPipeline.evaluate(AbstractPipeline.java:234)
	at java.base/java.util.stream.ReferencePipeline.findFirst(ReferencePipeline.java:543)
	at org.openqa.selenium.remote.ProtocolHandshake.createSession(ProtocolHandshake.java:128)
	at org.openqa.selenium.remote.ProtocolHandshake.createSession(ProtocolHandshake.java:74)
	at org.openqa.selenium.remote.HttpCommandExecutor.execute(HttpCommandExecutor.java:136)
	at org.openqa.selenium.remote.service.DriverCommandExecutor.execute(DriverCommandExecutor.java:83)
	at org.openqa.selenium.remote.RemoteWebDriver.execute(RemoteWebDriver.java:552)
	at org.openqa.selenium.remote.RemoteWebDriver.startSession(RemoteWebDriver.java:213)
	at org.openqa.selenium.remote.RemoteWebDriver.<init>(RemoteWebDriver.java:131)
	at org.openqa.selenium.chrome.ChromeDriver.<init>(ChromeDriver.java:181)
	at org.openqa.selenium.chrome.ChromeDriver.<init>(ChromeDriver.java:168)
	at org.openqa.selenium.chrome.ChromeDriver.<init>(ChromeDriver.java:123)
	at demo.TestngDemo.setUp(TestngDemo.java:15)
	at java.base/jdk.internal.reflect.NativeMethodAccessorImpl.invoke0(Native Method)
	at java.base/jdk.internal.reflect.NativeMethodAccessorImpl.invoke(NativeMethodAccessorImpl.java:62)
	at java.base/jdk.internal.reflect.DelegatingMethodAccessorImpl.invoke(DelegatingMethodAccessorImpl.java:43)
	at java.base/java.lang.reflect.Method.invoke(Method.java:566)
	at org.testng.internal.MethodInvocationHelper.invokeMethod(MethodInvocationHelper.java:108)
	at org.testng.internal.Invoker.invokeConfigurationMethod(Invoker.java:523)
	at org.testng.internal.Invoker.invokeConfigurations(Invoker.java:224)
	at org.testng.internal.Invoker.invokeMethod(Invoker.java:599)
	at org.testng.internal.Invoker.invokeTestMethod(Invoker.java:869)
	at org.testng.internal.Invoker.invokeTestMethods(Invoker.java:1193)
	at org.testng.internal.TestMethodWorker.invokeTestMethods(TestMethodWorker.java:126)
	at org.testng.internal.TestMethodWorker.run(TestMethodWorker.java:109)
	at java.base/java.util.concurrent.ThreadPoolExecutor.runWorker(ThreadPoolExecutor.java:1128)
	at java.base/java.util.concurrent.ThreadPoolExecutor$Worker.run(ThreadPoolExecutor.java:628)
	at java.base/java.lang.Thread.run(Thread.java:834)
]]>
            </full-stacktrace>
          </exception> <!-- org.openqa.selenium.SessionNotCreatedException -->
          <reporter-output>
          </reporter-output>
        </test-method> <!-- setUp -->
        <test-method is-config="true" signature="setUp()[pri:0, instance:demo.First@3bd82cf5]" started-at="2020-11-24T10:17:53Z" name="setUp" finished-at="2020-11-24T10:18:02Z" duration-ms="8977" status="FAIL">
          <exception class="org.openqa.selenium.SessionNotCreatedException">
            <message>
              <![CDATA[session not created: This version of ChromeDriver only supports Chrome version 84
Build info: version: '3.141.59', revision: 'e82be7d358', time: '2018-11-14T08:25:48'
System info: host: 'SENADHIAN', ip: '192.168.137.1', os.name: 'Windows 10', os.arch: 'amd64', os.version: '10.0', java.version: '11.0.1'
Driver info: driver.version: ChromeDriver
remote stacktrace: Backtrace:
	Ordinal0 [0x006987E3+2852835]
	Ordinal0 [0x00585BB1+1727409]
	Ordinal0 [0x0045E4B9+517305]
	Ordinal0 [0x003F0BA0+68512]
	Ordinal0 [0x003ED3A0+54176]
	Ordinal0 [0x0040D9F7+186871]
	Ordinal0 [0x0040D7FD+186365]
	Ordinal0 [0x0040B70B+177931]
	Ordinal0 [0x003F2584+75140]
	Ordinal0 [0x003F3650+79440]
	Ordinal0 [0x003F35E9+79337]
	Ordinal0 [0x0059AD5C+1813852]
	GetHandleVerifier [0x007BC616+1075574]
	GetHandleVerifier [0x007BC367+1074887]
	GetHandleVerifier [0x007C7497+1120247]
	GetHandleVerifier [0x007BCC16+1077110]
	Ordinal0 [0x00593206+1782278]
	Ordinal0 [0x0059C3BB+1819579]
	Ordinal0 [0x0059C523+1819939]
	Ordinal0 [0x005B2B45+1911621]
	BaseThreadInitThunk [0x75146359+25]
	RtlGetAppContainerNamedObjectPath [0x77038944+228]
	RtlGetAppContainerNamedObjectPath [0x77038914+180]
]]>
            </message>
            <full-stacktrace>
              <![CDATA[org.openqa.selenium.SessionNotCreatedException: session not created: This version of ChromeDriver only supports Chrome version 84
Build info: version: '3.141.59', revision: 'e82be7d358', time: '2018-11-14T08:25:48'
System info: host: 'SENADHIAN', ip: '192.168.137.1', os.name: 'Windows 10', os.arch: 'amd64', os.version: '10.0', java.version: '11.0.1'
Driver info: driver.version: ChromeDriver
remote stacktrace: Backtrace:
	Ordinal0 [0x006987E3+2852835]
	Ordinal0 [0x00585BB1+1727409]
	Ordinal0 [0x0045E4B9+517305]
	Ordinal0 [0x003F0BA0+68512]
	Ordinal0 [0x003ED3A0+54176]
	Ordinal0 [0x0040D9F7+186871]
	Ordinal0 [0x0040D7FD+186365]
	Ordinal0 [0x0040B70B+177931]
	Ordinal0 [0x003F2584+75140]
	Ordinal0 [0x003F3650+79440]
	Ordinal0 [0x003F35E9+79337]
	Ordinal0 [0x0059AD5C+1813852]
	GetHandleVerifier [0x007BC616+1075574]
	GetHandleVerifier [0x007BC367+1074887]
	GetHandleVerifier [0x007C7497+1120247]
	GetHandleVerifier [0x007BCC16+1077110]
	Ordinal0 [0x00593206+1782278]
	Ordinal0 [0x0059C3BB+1819579]
	Ordinal0 [0x0059C523+1819939]
	Ordinal0 [0x005B2B45+1911621]
	BaseThreadInitThunk [0x75146359+25]
	RtlGetAppContainerNamedObjectPath [0x77038944+228]
	RtlGetAppContainerNamedObjectPath [0x77038914+180]

	at java.base/jdk.internal.reflect.NativeConstructorAccessorImpl.newInstance0(Native Method)
	at java.base/jdk.internal.reflect.NativeConstructorAccessorImpl.newInstance(NativeConstructorAccessorImpl.java:62)
	at java.base/jdk.internal.reflect.DelegatingConstructorAccessorImpl.newInstance(DelegatingConstructorAccessorImpl.java:45)
	at java.base/java.lang.reflect.Constructor.newInstance(Constructor.java:490)
	at org.openqa.selenium.remote.W3CHandshakeResponse.lambda$errorHandler$0(W3CHandshakeResponse.java:62)
	at org.openqa.selenium.remote.HandshakeResponse.lambda$getResponseFunction$0(HandshakeResponse.java:30)
	at org.openqa.selenium.remote.ProtocolHandshake.lambda$createSession$0(ProtocolHandshake.java:126)
	at java.base/java.util.stream.ReferencePipeline$3$1.accept(ReferencePipeline.java:195)
	at java.base/java.util.Spliterators$ArraySpliterator.tryAdvance(Spliterators.java:958)
	at java.base/java.util.stream.ReferencePipeline.forEachWithCancel(ReferencePipeline.java:127)
	at java.base/java.util.stream.AbstractPipeline.copyIntoWithCancel(AbstractPipeline.java:502)
	at java.base/java.util.stream.AbstractPipeline.copyInto(AbstractPipeline.java:488)
	at java.base/java.util.stream.AbstractPipeline.wrapAndCopyInto(AbstractPipeline.java:474)
	at java.base/java.util.stream.FindOps$FindOp.evaluateSequential(FindOps.java:150)
	at java.base/java.util.stream.AbstractPipeline.evaluate(AbstractPipeline.java:234)
	at java.base/java.util.stream.ReferencePipeline.findFirst(ReferencePipeline.java:543)
	at org.openqa.selenium.remote.ProtocolHandshake.createSession(ProtocolHandshake.java:128)
	at org.openqa.selenium.remote.ProtocolHandshake.createSession(ProtocolHandshake.java:74)
	at org.openqa.selenium.remote.HttpCommandExecutor.execute(HttpCommandExecutor.java:136)
	at org.openqa.selenium.remote.service.DriverCommandExecutor.execute(DriverCommandExecutor.java:83)
	at org.openqa.selenium.remote.RemoteWebDriver.execute(RemoteWebDriver.java:552)
	at org.openqa.selenium.remote.RemoteWebDriver.startSession(RemoteWebDriver.java:213)
	at org.openqa.selenium.remote.RemoteWebDriver.<init>(RemoteWebDriver.java:131)
	at org.openqa.selenium.chrome.ChromeDriver.<init>(ChromeDriver.java:181)
	at org.openqa.selenium.chrome.ChromeDriver.<init>(ChromeDriver.java:168)
	at org.openqa.selenium.chrome.ChromeDriver.<init>(ChromeDriver.java:123)
	at demo.TestngDemo.setUp(TestngDemo.java:15)
	at java.base/jdk.internal.reflect.NativeMethodAccessorImpl.invoke0(Native Method)
	at java.base/jdk.internal.reflect.NativeMethodAccessorImpl.invoke(NativeMethodAccessorImpl.java:62)
	at java.base/jdk.internal.reflect.DelegatingMethodAccessorImpl.invoke(DelegatingMethodAccessorImpl.java:43)
	at java.base/java.lang.reflect.Method.invoke(Method.java:566)
	at org.testng.internal.MethodInvocationHelper.invokeMethod(MethodInvocationHelper.java:108)
	at org.testng.internal.Invoker.invokeConfigurationMethod(Invoker.java:523)
	at org.testng.internal.Invoker.invokeConfigurations(Invoker.java:224)
	at org.testng.internal.Invoker.invokeMethod(Invoker.java:599)
	at org.testng.internal.Invoker.invokeTestMethod(Invoker.java:869)
	at org.testng.internal.Invoker.invokeTestMethods(Invoker.java:1193)
	at org.testng.internal.TestMethodWorker.invokeTestMethods(TestMethodWorker.java:126)
	at org.testng.internal.TestMethodWorker.run(TestMethodWorker.java:109)
	at java.base/java.util.concurrent.ThreadPoolExecutor.runWorker(ThreadPoolExecutor.java:1128)
	at java.base/java.util.concurrent.ThreadPoolExecutor$Worker.run(ThreadPoolExecutor.java:628)
	at java.base/java.lang.Thread.run(Thread.java:834)
]]>
            </full-stacktrace>
          </exception> <!-- org.openqa.selenium.SessionNotCreatedException -->
          <reporter-output>
          </reporter-output>
        </test-method> <!-- setUp -->
        <test-method signature="Test3()[pri:0, instance:demo.First@3bd82cf5]" started-at="2020-11-24T10:18:01Z" name="Test3" finished-at="2020-11-24T10:18:01Z" duration-ms="0" status="SKIP">
          <exception class="org.openqa.selenium.SessionNotCreatedException">
            <message>
              <![CDATA[session not created: This version of ChromeDriver only supports Chrome version 84
Build info: version: '3.141.59', revision: 'e82be7d358', time: '2018-11-14T08:25:48'
System info: host: 'SENADHIAN', ip: '192.168.137.1', os.name: 'Windows 10', os.arch: 'amd64', os.version: '10.0', java.version: '11.0.1'
Driver info: driver.version: ChromeDriver
remote stacktrace: Backtrace:
	Ordinal0 [0x006987E3+2852835]
	Ordinal0 [0x00585BB1+1727409]
	Ordinal0 [0x0045E4B9+517305]
	Ordinal0 [0x003F0BA0+68512]
	Ordinal0 [0x003ED3A0+54176]
	Ordinal0 [0x0040D9F7+186871]
	Ordinal0 [0x0040D7FD+186365]
	Ordinal0 [0x0040B70B+177931]
	Ordinal0 [0x003F2584+75140]
	Ordinal0 [0x003F3650+79440]
	Ordinal0 [0x003F35E9+79337]
	Ordinal0 [0x0059AD5C+1813852]
	GetHandleVerifier [0x007BC616+1075574]
	GetHandleVerifier [0x007BC367+1074887]
	GetHandleVerifier [0x007C7497+1120247]
	GetHandleVerifier [0x007BCC16+1077110]
	Ordinal0 [0x00593206+1782278]
	Ordinal0 [0x0059C3BB+1819579]
	Ordinal0 [0x0059C523+1819939]
	Ordinal0 [0x005B2B45+1911621]
	BaseThreadInitThunk [0x75146359+25]
	RtlGetAppContainerNamedObjectPath [0x77038944+228]
	RtlGetAppContainerNamedObjectPath [0x77038914+180]
]]>
            </message>
            <full-stacktrace>
              <![CDATA[org.openqa.selenium.SessionNotCreatedException: session not created: This version of ChromeDriver only supports Chrome version 84
Build info: version: '3.141.59', revision: 'e82be7d358', time: '2018-11-14T08:25:48'
System info: host: 'SENADHIAN', ip: '192.168.137.1', os.name: 'Windows 10', os.arch: 'amd64', os.version: '10.0', java.version: '11.0.1'
Driver info: driver.version: ChromeDriver
remote stacktrace: Backtrace:
	Ordinal0 [0x006987E3+2852835]
	Ordinal0 [0x00585BB1+1727409]
	Ordinal0 [0x0045E4B9+517305]
	Ordinal0 [0x003F0BA0+68512]
	Ordinal0 [0x003ED3A0+54176]
	Ordinal0 [0x0040D9F7+186871]
	Ordinal0 [0x0040D7FD+186365]
	Ordinal0 [0x0040B70B+177931]
	Ordinal0 [0x003F2584+75140]
	Ordinal0 [0x003F3650+79440]
	Ordinal0 [0x003F35E9+79337]
	Ordinal0 [0x0059AD5C+1813852]
	GetHandleVerifier [0x007BC616+1075574]
	GetHandleVerifier [0x007BC367+1074887]
	GetHandleVerifier [0x007C7497+1120247]
	GetHandleVerifier [0x007BCC16+1077110]
	Ordinal0 [0x00593206+1782278]
	Ordinal0 [0x0059C3BB+1819579]
	Ordinal0 [0x0059C523+1819939]
	Ordinal0 [0x005B2B45+1911621]
	BaseThreadInitThunk [0x75146359+25]
	RtlGetAppContainerNamedObjectPath [0x77038944+228]
	RtlGetAppContainerNamedObjectPath [0x77038914+180]

	at java.base/jdk.internal.reflect.NativeConstructorAccessorImpl.newInstance0(Native Method)
	at java.base/jdk.internal.reflect.NativeConstructorAccessorImpl.newInstance(NativeConstructorAccessorImpl.java:62)
	at java.base/jdk.internal.reflect.DelegatingConstructorAccessorImpl.newInstance(DelegatingConstructorAccessorImpl.java:45)
	at java.base/java.lang.reflect.Constructor.newInstance(Constructor.java:490)
	at org.openqa.selenium.remote.W3CHandshakeResponse.lambda$errorHandler$0(W3CHandshakeResponse.java:62)
	at org.openqa.selenium.remote.HandshakeResponse.lambda$getResponseFunction$0(HandshakeResponse.java:30)
	at org.openqa.selenium.remote.ProtocolHandshake.lambda$createSession$0(ProtocolHandshake.java:126)
	at java.base/java.util.stream.ReferencePipeline$3$1.accept(ReferencePipeline.java:195)
	at java.base/java.util.Spliterators$ArraySpliterator.tryAdvance(Spliterators.java:958)
	at java.base/java.util.stream.ReferencePipeline.forEachWithCancel(ReferencePipeline.java:127)
	at java.base/java.util.stream.AbstractPipeline.copyIntoWithCancel(AbstractPipeline.java:502)
	at java.base/java.util.stream.AbstractPipeline.copyInto(AbstractPipeline.java:488)
	at java.base/java.util.stream.AbstractPipeline.wrapAndCopyInto(AbstractPipeline.java:474)
	at java.base/java.util.stream.FindOps$FindOp.evaluateSequential(FindOps.java:150)
	at java.base/java.util.stream.AbstractPipeline.evaluate(AbstractPipeline.java:234)
	at java.base/java.util.stream.ReferencePipeline.findFirst(ReferencePipeline.java:543)
	at org.openqa.selenium.remote.ProtocolHandshake.createSession(ProtocolHandshake.java:128)
	at org.openqa.selenium.remote.ProtocolHandshake.createSession(ProtocolHandshake.java:74)
	at org.openqa.selenium.remote.HttpCommandExecutor.execute(HttpCommandExecutor.java:136)
	at org.openqa.selenium.remote.service.DriverCommandExecutor.execute(DriverCommandExecutor.java:83)
	at org.openqa.selenium.remote.RemoteWebDriver.execute(RemoteWebDriver.java:552)
	at org.openqa.selenium.remote.RemoteWebDriver.startSession(RemoteWebDriver.java:213)
	at org.openqa.selenium.remote.RemoteWebDriver.<init>(RemoteWebDriver.java:131)
	at org.openqa.selenium.chrome.ChromeDriver.<init>(ChromeDriver.java:181)
	at org.openqa.selenium.chrome.ChromeDriver.<init>(ChromeDriver.java:168)
	at org.openqa.selenium.chrome.ChromeDriver.<init>(ChromeDriver.java:123)
	at demo.TestngDemo.setUp(TestngDemo.java:15)
	at java.base/jdk.internal.reflect.NativeMethodAccessorImpl.invoke0(Native Method)
	at java.base/jdk.internal.reflect.NativeMethodAccessorImpl.invoke(NativeMethodAccessorImpl.java:62)
	at java.base/jdk.internal.reflect.DelegatingMethodAccessorImpl.invoke(DelegatingMethodAccessorImpl.java:43)
	at java.base/java.lang.reflect.Method.invoke(Method.java:566)
	at org.testng.internal.MethodInvocationHelper.invokeMethod(MethodInvocationHelper.java:108)
	at org.testng.internal.Invoker.invokeConfigurationMethod(Invoker.java:523)
	at org.testng.internal.Invoker.invokeConfigurations(Invoker.java:224)
	at org.testng.internal.Invoker.invokeMethod(Invoker.java:599)
	at org.testng.internal.Invoker.invokeTestMethod(Invoker.java:869)
	at org.testng.internal.Invoker.invokeTestMethods(Invoker.java:1193)
	at org.testng.internal.TestMethodWorker.invokeTestMethods(TestMethodWorker.java:126)
	at org.testng.internal.TestMethodWorker.run(TestMethodWorker.java:109)
	at java.base/java.util.concurrent.ThreadPoolExecutor.runWorker(ThreadPoolExecutor.java:1128)
	at java.base/java.util.concurrent.ThreadPoolExecutor$Worker.run(ThreadPoolExecutor.java:628)
	at java.base/java.lang.Thread.run(Thread.java:834)
]]>
            </full-stacktrace>
          </exception> <!-- org.openqa.selenium.SessionNotCreatedException -->
          <reporter-output>
          </reporter-output>
        </test-method> <!-- Test3 -->
        <test-method signature="Test2()[pri:0, instance:demo.First@3bd82cf5]" started-at="2020-11-24T10:18:02Z" name="Test2" finished-at="2020-11-24T10:18:02Z" duration-ms="0" status="SKIP">
          <exception class="org.openqa.selenium.SessionNotCreatedException">
            <message>
              <![CDATA[session not created: This version of ChromeDriver only supports Chrome version 84
Build info: version: '3.141.59', revision: 'e82be7d358', time: '2018-11-14T08:25:48'
System info: host: 'SENADHIAN', ip: '192.168.137.1', os.name: 'Windows 10', os.arch: 'amd64', os.version: '10.0', java.version: '11.0.1'
Driver info: driver.version: ChromeDriver
remote stacktrace: Backtrace:
	Ordinal0 [0x006987E3+2852835]
	Ordinal0 [0x00585BB1+1727409]
	Ordinal0 [0x0045E4B9+517305]
	Ordinal0 [0x003F0BA0+68512]
	Ordinal0 [0x003ED3A0+54176]
	Ordinal0 [0x0040D9F7+186871]
	Ordinal0 [0x0040D7FD+186365]
	Ordinal0 [0x0040B70B+177931]
	Ordinal0 [0x003F2584+75140]
	Ordinal0 [0x003F3650+79440]
	Ordinal0 [0x003F35E9+79337]
	Ordinal0 [0x0059AD5C+1813852]
	GetHandleVerifier [0x007BC616+1075574]
	GetHandleVerifier [0x007BC367+1074887]
	GetHandleVerifier [0x007C7497+1120247]
	GetHandleVerifier [0x007BCC16+1077110]
	Ordinal0 [0x00593206+1782278]
	Ordinal0 [0x0059C3BB+1819579]
	Ordinal0 [0x0059C523+1819939]
	Ordinal0 [0x005B2B45+1911621]
	BaseThreadInitThunk [0x75146359+25]
	RtlGetAppContainerNamedObjectPath [0x77038944+228]
	RtlGetAppContainerNamedObjectPath [0x77038914+180]
]]>
            </message>
            <full-stacktrace>
              <![CDATA[org.openqa.selenium.SessionNotCreatedException: session not created: This version of ChromeDriver only supports Chrome version 84
Build info: version: '3.141.59', revision: 'e82be7d358', time: '2018-11-14T08:25:48'
System info: host: 'SENADHIAN', ip: '192.168.137.1', os.name: 'Windows 10', os.arch: 'amd64', os.version: '10.0', java.version: '11.0.1'
Driver info: driver.version: ChromeDriver
remote stacktrace: Backtrace:
	Ordinal0 [0x006987E3+2852835]
	Ordinal0 [0x00585BB1+1727409]
	Ordinal0 [0x0045E4B9+517305]
	Ordinal0 [0x003F0BA0+68512]
	Ordinal0 [0x003ED3A0+54176]
	Ordinal0 [0x0040D9F7+186871]
	Ordinal0 [0x0040D7FD+186365]
	Ordinal0 [0x0040B70B+177931]
	Ordinal0 [0x003F2584+75140]
	Ordinal0 [0x003F3650+79440]
	Ordinal0 [0x003F35E9+79337]
	Ordinal0 [0x0059AD5C+1813852]
	GetHandleVerifier [0x007BC616+1075574]
	GetHandleVerifier [0x007BC367+1074887]
	GetHandleVerifier [0x007C7497+1120247]
	GetHandleVerifier [0x007BCC16+1077110]
	Ordinal0 [0x00593206+1782278]
	Ordinal0 [0x0059C3BB+1819579]
	Ordinal0 [0x0059C523+1819939]
	Ordinal0 [0x005B2B45+1911621]
	BaseThreadInitThunk [0x75146359+25]
	RtlGetAppContainerNamedObjectPath [0x77038944+228]
	RtlGetAppContainerNamedObjectPath [0x77038914+180]

	at java.base/jdk.internal.reflect.NativeConstructorAccessorImpl.newInstance0(Native Method)
	at java.base/jdk.internal.reflect.NativeConstructorAccessorImpl.newInstance(NativeConstructorAccessorImpl.java:62)
	at java.base/jdk.internal.reflect.DelegatingConstructorAccessorImpl.newInstance(DelegatingConstructorAccessorImpl.java:45)
	at java.base/java.lang.reflect.Constructor.newInstance(Constructor.java:490)
	at org.openqa.selenium.remote.W3CHandshakeResponse.lambda$errorHandler$0(W3CHandshakeResponse.java:62)
	at org.openqa.selenium.remote.HandshakeResponse.lambda$getResponseFunction$0(HandshakeResponse.java:30)
	at org.openqa.selenium.remote.ProtocolHandshake.lambda$createSession$0(ProtocolHandshake.java:126)
	at java.base/java.util.stream.ReferencePipeline$3$1.accept(ReferencePipeline.java:195)
	at java.base/java.util.Spliterators$ArraySpliterator.tryAdvance(Spliterators.java:958)
	at java.base/java.util.stream.ReferencePipeline.forEachWithCancel(ReferencePipeline.java:127)
	at java.base/java.util.stream.AbstractPipeline.copyIntoWithCancel(AbstractPipeline.java:502)
	at java.base/java.util.stream.AbstractPipeline.copyInto(AbstractPipeline.java:488)
	at java.base/java.util.stream.AbstractPipeline.wrapAndCopyInto(AbstractPipeline.java:474)
	at java.base/java.util.stream.FindOps$FindOp.evaluateSequential(FindOps.java:150)
	at java.base/java.util.stream.AbstractPipeline.evaluate(AbstractPipeline.java:234)
	at java.base/java.util.stream.ReferencePipeline.findFirst(ReferencePipeline.java:543)
	at org.openqa.selenium.remote.ProtocolHandshake.createSession(ProtocolHandshake.java:128)
	at org.openqa.selenium.remote.ProtocolHandshake.createSession(ProtocolHandshake.java:74)
	at org.openqa.selenium.remote.HttpCommandExecutor.execute(HttpCommandExecutor.java:136)
	at org.openqa.selenium.remote.service.DriverCommandExecutor.execute(DriverCommandExecutor.java:83)
	at org.openqa.selenium.remote.RemoteWebDriver.execute(RemoteWebDriver.java:552)
	at org.openqa.selenium.remote.RemoteWebDriver.startSession(RemoteWebDriver.java:213)
	at org.openqa.selenium.remote.RemoteWebDriver.<init>(RemoteWebDriver.java:131)
	at org.openqa.selenium.chrome.ChromeDriver.<init>(ChromeDriver.java:181)
	at org.openqa.selenium.chrome.ChromeDriver.<init>(ChromeDriver.java:168)
	at org.openqa.selenium.chrome.ChromeDriver.<init>(ChromeDriver.java:123)
	at demo.TestngDemo.setUp(TestngDemo.java:15)
	at java.base/jdk.internal.reflect.NativeMethodAccessorImpl.invoke0(Native Method)
	at java.base/jdk.internal.reflect.NativeMethodAccessorImpl.invoke(NativeMethodAccessorImpl.java:62)
	at java.base/jdk.internal.reflect.DelegatingMethodAccessorImpl.invoke(DelegatingMethodAccessorImpl.java:43)
	at java.base/java.lang.reflect.Method.invoke(Method.java:566)
	at org.testng.internal.MethodInvocationHelper.invokeMethod(MethodInvocationHelper.java:108)
	at org.testng.internal.Invoker.invokeConfigurationMethod(Invoker.java:523)
	at org.testng.internal.Invoker.invokeConfigurations(Invoker.java:224)
	at org.testng.internal.Invoker.invokeMethod(Invoker.java:599)
	at org.testng.internal.Invoker.invokeTestMethod(Invoker.java:869)
	at org.testng.internal.Invoker.invokeTestMethods(Invoker.java:1193)
	at org.testng.internal.TestMethodWorker.invokeTestMethods(TestMethodWorker.java:126)
	at org.testng.internal.TestMethodWorker.run(TestMethodWorker.java:109)
	at java.base/java.util.concurrent.ThreadPoolExecutor.runWorker(ThreadPoolExecutor.java:1128)
	at java.base/java.util.concurrent.ThreadPoolExecutor$Worker.run(ThreadPoolExecutor.java:628)
	at java.base/java.lang.Thread.run(Thread.java:834)
]]>
            </full-stacktrace>
          </exception> <!-- org.openqa.selenium.SessionNotCreatedException -->
          <reporter-output>
          </reporter-output>
        </test-method> <!-- Test2 -->
        <test-method signature="Test1()[pri:0, instance:demo.First@3bd82cf5]" started-at="2020-11-24T10:18:02Z" name="Test1" finished-at="2020-11-24T10:18:02Z" duration-ms="0" status="SKIP">
          <exception class="org.openqa.selenium.SessionNotCreatedException">
            <message>
              <![CDATA[session not created: This version of ChromeDriver only supports Chrome version 84
Build info: version: '3.141.59', revision: 'e82be7d358', time: '2018-11-14T08:25:48'
System info: host: 'SENADHIAN', ip: '192.168.137.1', os.name: 'Windows 10', os.arch: 'amd64', os.version: '10.0', java.version: '11.0.1'
Driver info: driver.version: ChromeDriver
remote stacktrace: Backtrace:
	Ordinal0 [0x006987E3+2852835]
	Ordinal0 [0x00585BB1+1727409]
	Ordinal0 [0x0045E4B9+517305]
	Ordinal0 [0x003F0BA0+68512]
	Ordinal0 [0x003ED3A0+54176]
	Ordinal0 [0x0040D9F7+186871]
	Ordinal0 [0x0040D7FD+186365]
	Ordinal0 [0x0040B70B+177931]
	Ordinal0 [0x003F2584+75140]
	Ordinal0 [0x003F3650+79440]
	Ordinal0 [0x003F35E9+79337]
	Ordinal0 [0x0059AD5C+1813852]
	GetHandleVerifier [0x007BC616+1075574]
	GetHandleVerifier [0x007BC367+1074887]
	GetHandleVerifier [0x007C7497+1120247]
	GetHandleVerifier [0x007BCC16+1077110]
	Ordinal0 [0x00593206+1782278]
	Ordinal0 [0x0059C3BB+1819579]
	Ordinal0 [0x0059C523+1819939]
	Ordinal0 [0x005B2B45+1911621]
	BaseThreadInitThunk [0x75146359+25]
	RtlGetAppContainerNamedObjectPath [0x77038944+228]
	RtlGetAppContainerNamedObjectPath [0x77038914+180]
]]>
            </message>
            <full-stacktrace>
              <![CDATA[org.openqa.selenium.SessionNotCreatedException: session not created: This version of ChromeDriver only supports Chrome version 84
Build info: version: '3.141.59', revision: 'e82be7d358', time: '2018-11-14T08:25:48'
System info: host: 'SENADHIAN', ip: '192.168.137.1', os.name: 'Windows 10', os.arch: 'amd64', os.version: '10.0', java.version: '11.0.1'
Driver info: driver.version: ChromeDriver
remote stacktrace: Backtrace:
	Ordinal0 [0x006987E3+2852835]
	Ordinal0 [0x00585BB1+1727409]
	Ordinal0 [0x0045E4B9+517305]
	Ordinal0 [0x003F0BA0+68512]
	Ordinal0 [0x003ED3A0+54176]
	Ordinal0 [0x0040D9F7+186871]
	Ordinal0 [0x0040D7FD+186365]
	Ordinal0 [0x0040B70B+177931]
	Ordinal0 [0x003F2584+75140]
	Ordinal0 [0x003F3650+79440]
	Ordinal0 [0x003F35E9+79337]
	Ordinal0 [0x0059AD5C+1813852]
	GetHandleVerifier [0x007BC616+1075574]
	GetHandleVerifier [0x007BC367+1074887]
	GetHandleVerifier [0x007C7497+1120247]
	GetHandleVerifier [0x007BCC16+1077110]
	Ordinal0 [0x00593206+1782278]
	Ordinal0 [0x0059C3BB+1819579]
	Ordinal0 [0x0059C523+1819939]
	Ordinal0 [0x005B2B45+1911621]
	BaseThreadInitThunk [0x75146359+25]
	RtlGetAppContainerNamedObjectPath [0x77038944+228]
	RtlGetAppContainerNamedObjectPath [0x77038914+180]

	at java.base/jdk.internal.reflect.NativeConstructorAccessorImpl.newInstance0(Native Method)
	at java.base/jdk.internal.reflect.NativeConstructorAccessorImpl.newInstance(NativeConstructorAccessorImpl.java:62)
	at java.base/jdk.internal.reflect.DelegatingConstructorAccessorImpl.newInstance(DelegatingConstructorAccessorImpl.java:45)
	at java.base/java.lang.reflect.Constructor.newInstance(Constructor.java:490)
	at org.openqa.selenium.remote.W3CHandshakeResponse.lambda$errorHandler$0(W3CHandshakeResponse.java:62)
	at org.openqa.selenium.remote.HandshakeResponse.lambda$getResponseFunction$0(HandshakeResponse.java:30)
	at org.openqa.selenium.remote.ProtocolHandshake.lambda$createSession$0(ProtocolHandshake.java:126)
	at java.base/java.util.stream.ReferencePipeline$3$1.accept(ReferencePipeline.java:195)
	at java.base/java.util.Spliterators$ArraySpliterator.tryAdvance(Spliterators.java:958)
	at java.base/java.util.stream.ReferencePipeline.forEachWithCancel(ReferencePipeline.java:127)
	at java.base/java.util.stream.AbstractPipeline.copyIntoWithCancel(AbstractPipeline.java:502)
	at java.base/java.util.stream.AbstractPipeline.copyInto(AbstractPipeline.java:488)
	at java.base/java.util.stream.AbstractPipeline.wrapAndCopyInto(AbstractPipeline.java:474)
	at java.base/java.util.stream.FindOps$FindOp.evaluateSequential(FindOps.java:150)
	at java.base/java.util.stream.AbstractPipeline.evaluate(AbstractPipeline.java:234)
	at java.base/java.util.stream.ReferencePipeline.findFirst(ReferencePipeline.java:543)
	at org.openqa.selenium.remote.ProtocolHandshake.createSession(ProtocolHandshake.java:128)
	at org.openqa.selenium.remote.ProtocolHandshake.createSession(ProtocolHandshake.java:74)
	at org.openqa.selenium.remote.HttpCommandExecutor.execute(HttpCommandExecutor.java:136)
	at org.openqa.selenium.remote.service.DriverCommandExecutor.execute(DriverCommandExecutor.java:83)
	at org.openqa.selenium.remote.RemoteWebDriver.execute(RemoteWebDriver.java:552)
	at org.openqa.selenium.remote.RemoteWebDriver.startSession(RemoteWebDriver.java:213)
	at org.openqa.selenium.remote.RemoteWebDriver.<init>(RemoteWebDriver.java:131)
	at org.openqa.selenium.chrome.ChromeDriver.<init>(ChromeDriver.java:181)
	at org.openqa.selenium.chrome.ChromeDriver.<init>(ChromeDriver.java:168)
	at org.openqa.selenium.chrome.ChromeDriver.<init>(ChromeDriver.java:123)
	at demo.TestngDemo.setUp(TestngDemo.java:15)
	at java.base/jdk.internal.reflect.NativeMethodAccessorImpl.invoke0(Native Method)
	at java.base/jdk.internal.reflect.NativeMethodAccessorImpl.invoke(NativeMethodAccessorImpl.java:62)
	at java.base/jdk.internal.reflect.DelegatingMethodAccessorImpl.invoke(DelegatingMethodAccessorImpl.java:43)
	at java.base/java.lang.reflect.Method.invoke(Method.java:566)
	at org.testng.internal.MethodInvocationHelper.invokeMethod(MethodInvocationHelper.java:108)
	at org.testng.internal.Invoker.invokeConfigurationMethod(Invoker.java:523)
	at org.testng.internal.Invoker.invokeConfigurations(Invoker.java:224)
	at org.testng.internal.Invoker.invokeMethod(Invoker.java:599)
	at org.testng.internal.Invoker.invokeTestMethod(Invoker.java:869)
	at org.testng.internal.Invoker.invokeTestMethods(Invoker.java:1193)
	at org.testng.internal.TestMethodWorker.invokeTestMethods(TestMethodWorker.java:126)
	at org.testng.internal.TestMethodWorker.run(TestMethodWorker.java:109)
	at java.base/java.util.concurrent.ThreadPoolExecutor.runWorker(ThreadPoolExecutor.java:1128)
	at java.base/java.util.concurrent.ThreadPoolExecutor$Worker.run(ThreadPoolExecutor.java:628)
	at java.base/java.lang.Thread.run(Thread.java:834)
]]>
            </full-stacktrace>
          </exception> <!-- org.openqa.selenium.SessionNotCreatedException -->
          <reporter-output>
          </reporter-output>
        </test-method> <!-- Test1 -->
      </class> <!-- demo.First -->
    </test> <!-- Test -->
  </suite> <!-- Suite -->
</testng-results>
